<?xml version="1.0" encoding="utf-8" standalone="no"?>
<!--This file represents the results of running a test suite-->
<test-results name="C:\Users\felpo\source\repos\XML\UnitTestProject1\bin\Release\UnitTests.dll" total="0" errors="0" failures="0" not-run="0" inconclusive="0" ignored="0" skipped="0" invalid="0" date="2018-09-17" time="11:23:07">
  <environment nunit-version="2.6.2.12296" clr-version="2.0.50727.8825" os-version="Microsoft Windows NT 6.2.9200.0" platform="Win32NT" cwd="C:\Program Files (x86)\NUnit 2.6.2\bin" machine-name="TRI-NB0716" user="felpo" user-domain="TRICENTIS" />
  <culture-info current-culture="de-AT" current-uiculture="en-US" />
  <test-suite type="Assembly" name="C:\Users\felpo\source\repos\XML\UnitTestProject1\bin\Release\UnitTests.dll" executed="True" result="Inconclusive" success="False" time="0.008" asserts="0" />
</test-results>